This file contains any messages produced by compilers while
running configure, to aid debugging if configure makes a mistake.

It was created by ibus-gjs configure 3.2.1.20120229, which was
generated by GNU Autoconf 2.68.  Invocation command line was

  $ ./configure --enable-maintainer-mode --prefix=/usr

## --------- ##
## Platform. ##
## --------- ##

hostname = x200s
uname -m = x86_64
uname -r = 3.0.0-16-generic
uname -s = Linux
uname -v = #28-Ubuntu SMP Fri Jan 27 17:44:39 UTC 2012

/usr/bin/uname -p = unknown
/bin/uname -X     = unknown

/bin/arch              = unknown
/usr/bin/arch -k       = unknown
/usr/convex/getsysinfo = unknown
/usr/bin/hostinfo      = unknown
/bin/machine           = unknown
/usr/bin/oslevel       = unknown
/bin/universe          = unknown

PATH: /home/meng/bin
PATH: /usr/lib/lightdm/lightdm
PATH: /usr/local/sbin
PATH: /usr/local/bin
PATH: /usr/sbin
PATH: /usr/bin
PATH: /sbin
PATH: /bin
PATH: /usr/games


## ----------- ##
## Core tests. ##
## ----------- ##

configure:2291: checking for a BSD-compatible install
configure:2359: result: /usr/bin/install -c
configure:2370: checking whether build environment is sane
configure:2420: result: yes
configure:2561: checking for a thread-safe mkdir -p
configure:2600: result: /bin/mkdir -p
configure:2613: checking for gawk
configure:2643: result: no
configure:2613: checking for mawk
configure:2629: found /usr/bin/mawk
configure:2640: result: mawk
configure:2651: checking whether make sets $(MAKE)
configure:2673: result: yes
configure:2754: checking whether to disable maintainer-specific portions of Makefiles
configure:2763: result: yes
configure:2788: checking for style of include used by make
configure:2816: result: GNU
configure:2886: checking for gcc
configure:2902: found /usr/bin/gcc
configure:2913: result: gcc
configure:3142: checking for C compiler version
configure:3151: gcc --version >&5
gcc (Ubuntu/Linaro 4.6.1-9ubuntu3) 4.6.1
Copyright (C) 2011 Free Software Foundation, Inc.
This is free software; see the source for copying conditions.  There is NO
warranty; not even for MERCHANTABILITY or FITNESS FOR A PARTICULAR PURPOSE.

configure:3162: $? = 0
configure:3151: gcc -v >&5
Using built-in specs.
COLLECT_GCC=gcc
COLLECT_LTO_WRAPPER=/usr/lib/gcc/x86_64-linux-gnu/4.6.1/lto-wrapper
Target: x86_64-linux-gnu
Configured with: ../src/configure -v --with-pkgversion='Ubuntu/Linaro 4.6.1-9ubuntu3' --with-bugurl=file:///usr/share/doc/gcc-4.6/README.Bugs --enable-languages=c,c++,fortran,objc,obj-c++,go --prefix=/usr --program-suffix=-4.6 --enable-shared --enable-linker-build-id --with-system-zlib --libexecdir=/usr/lib --without-included-gettext --enable-threads=posix --with-gxx-include-dir=/usr/include/c++/4.6 --libdir=/usr/lib --enable-nls --with-sysroot=/ --enable-clocale=gnu --enable-libstdcxx-debug --enable-libstdcxx-time=yes --enable-plugin --enable-objc-gc --disable-werror --with-arch-32=i686 --with-tune=generic --enable-checking=release --build=x86_64-linux-gnu --host=x86_64-linux-gnu --target=x86_64-linux-gnu
Thread model: posix
gcc version 4.6.1 (Ubuntu/Linaro 4.6.1-9ubuntu3) 
configure:3162: $? = 0
configure:3151: gcc -V >&5
gcc: error: unrecognized option '-V'
gcc: fatal error: no input files
compilation terminated.
configure:3162: $? = 4
configure:3151: gcc -qversion >&5
gcc: error: unrecognized option '-qversion'
gcc: fatal error: no input files
compilation terminated.
configure:3162: $? = 4
configure:3182: checking whether the C compiler works
configure:3204: gcc -Wall -g -O0 -Wl,--no-undefined   conftest.c  >&5
configure:3208: $? = 0
configure:3256: result: yes
configure:3259: checking for C compiler default output file name
configure:3261: result: a.out
configure:3267: checking for suffix of executables
configure:3274: gcc -o conftest -Wall -g -O0 -Wl,--no-undefined   conftest.c  >&5
configure:3278: $? = 0
configure:3300: result: 
configure:3322: checking whether we are cross compiling
configure:3330: gcc -o conftest -Wall -g -O0 -Wl,--no-undefined   conftest.c  >&5
configure:3334: $? = 0
configure:3341: ./conftest
configure:3345: $? = 0
configure:3360: result: no
configure:3365: checking for suffix of object files
configure:3387: gcc -c -Wall -g -O0 -Wl,--no-undefined  conftest.c >&5
configure:3391: $? = 0
configure:3412: result: o
configure:3416: checking whether we are using the GNU C compiler
configure:3435: gcc -c -Wall -g -O0 -Wl,--no-undefined  conftest.c >&5
configure:3435: $? = 0
configure:3444: result: yes
configure:3453: checking whether gcc accepts -g
configure:3473: gcc -c -g  conftest.c >&5
configure:3473: $? = 0
configure:3514: result: yes
configure:3531: checking for gcc option to accept ISO C89
configure:3595: gcc  -c -Wall -g -O0 -Wl,--no-undefined  conftest.c >&5
configure:3595: $? = 0
configure:3608: result: none needed
configure:3630: checking dependency style of gcc
configure:3740: result: none
configure:3761: checking how to run the C preprocessor
configure:3792: gcc -E  conftest.c
configure:3792: $? = 0
configure:3806: gcc -E  conftest.c
conftest.c:11:28: fatal error: ac_nonexistent.h: No such file or directory
compilation terminated.
configure:3806: $? = 1
configure: failed program was:
| /* confdefs.h */
| #define PACKAGE_NAME "ibus-gjs"
| #define PACKAGE_TARNAME "ibus-gjs"
| #define PACKAGE_VERSION "3.2.1.20120229"
| #define PACKAGE_STRING "ibus-gjs 3.2.1.20120229"
| #define PACKAGE_BUGREPORT "http://code.google.com/p/ibus/issues/entry"
| #define PACKAGE_URL ""
| #define PACKAGE "ibus-gjs"
| #define VERSION "3.2.1.20120229"
| /* end confdefs.h.  */
| #include <ac_nonexistent.h>
configure:3831: result: gcc -E
configure:3851: gcc -E  conftest.c
configure:3851: $? = 0
configure:3865: gcc -E  conftest.c
conftest.c:11:28: fatal error: ac_nonexistent.h: No such file or directory
compilation terminated.
configure:3865: $? = 1
configure: failed program was:
| /* confdefs.h */
| #define PACKAGE_NAME "ibus-gjs"
| #define PACKAGE_TARNAME "ibus-gjs"
| #define PACKAGE_VERSION "3.2.1.20120229"
| #define PACKAGE_STRING "ibus-gjs 3.2.1.20120229"
| #define PACKAGE_BUGREPORT "http://code.google.com/p/ibus/issues/entry"
| #define PACKAGE_URL ""
| #define PACKAGE "ibus-gjs"
| #define VERSION "3.2.1.20120229"
| /* end confdefs.h.  */
| #include <ac_nonexistent.h>
configure:3894: checking for grep that handles long lines and -e
configure:3952: result: /bin/grep
configure:3957: checking for egrep
configure:4019: result: /bin/grep -E
configure:4024: checking for ANSI C header files
configure:4044: gcc -c -Wall -g -O0 -Wl,--no-undefined  conftest.c >&5
configure:4044: $? = 0
configure:4117: gcc -o conftest -Wall -g -O0 -Wl,--no-undefined   conftest.c  >&5
configure:4117: $? = 0
configure:4117: ./conftest
configure:4117: $? = 0
configure:4128: result: yes
configure:4141: checking for sys/types.h
configure:4141: gcc -c -Wall -g -O0 -Wl,--no-undefined  conftest.c >&5
configure:4141: $? = 0
configure:4141: result: yes
configure:4141: checking for sys/stat.h
configure:4141: gcc -c -Wall -g -O0 -Wl,--no-undefined  conftest.c >&5
configure:4141: $? = 0
configure:4141: result: yes
configure:4141: checking for stdlib.h
configure:4141: gcc -c -Wall -g -O0 -Wl,--no-undefined  conftest.c >&5
configure:4141: $? = 0
configure:4141: result: yes
configure:4141: checking for string.h
configure:4141: gcc -c -Wall -g -O0 -Wl,--no-undefined  conftest.c >&5
configure:4141: $? = 0
configure:4141: result: yes
configure:4141: checking for memory.h
configure:4141: gcc -c -Wall -g -O0 -Wl,--no-undefined  conftest.c >&5
configure:4141: $? = 0
configure:4141: result: yes
configure:4141: checking for strings.h
configure:4141: gcc -c -Wall -g -O0 -Wl,--no-undefined  conftest.c >&5
configure:4141: $? = 0
configure:4141: result: yes
configure:4141: checking for inttypes.h
configure:4141: gcc -c -Wall -g -O0 -Wl,--no-undefined  conftest.c >&5
configure:4141: $? = 0
configure:4141: result: yes
configure:4141: checking for stdint.h
configure:4141: gcc -c -Wall -g -O0 -Wl,--no-undefined  conftest.c >&5
configure:4141: $? = 0
configure:4141: result: yes
configure:4141: checking for unistd.h
configure:4141: gcc -c -Wall -g -O0 -Wl,--no-undefined  conftest.c >&5
configure:4141: $? = 0
configure:4141: result: yes
configure:4154: checking minix/config.h usability
configure:4154: gcc -c -Wall -g -O0 -Wl,--no-undefined  conftest.c >&5
conftest.c:54:26: fatal error: minix/config.h: No such file or directory
compilation terminated.
configure:4154: $? = 1
configure: failed program was:
| /* confdefs.h */
| #define PACKAGE_NAME "ibus-gjs"
| #define PACKAGE_TARNAME "ibus-gjs"
| #define PACKAGE_VERSION "3.2.1.20120229"
| #define PACKAGE_STRING "ibus-gjs 3.2.1.20120229"
| #define PACKAGE_BUGREPORT "http://code.google.com/p/ibus/issues/entry"
| #define PACKAGE_URL ""
| #define PACKAGE "ibus-gjs"
| #define VERSION "3.2.1.20120229"
| #define STDC_HEADERS 1
| #define HAVE_SYS_TYPES_H 1
| #define HAVE_SYS_STAT_H 1
| #define HAVE_STDLIB_H 1
| #define HAVE_STRING_H 1
| #define HAVE_MEMORY_H 1
| #define HAVE_STRINGS_H 1
| #define HAVE_INTTYPES_H 1
| #define HAVE_STDINT_H 1
| #define HAVE_UNISTD_H 1
| /* end confdefs.h.  */
| #include <stdio.h>
| #ifdef HAVE_SYS_TYPES_H
| # include <sys/types.h>
| #endif
| #ifdef HAVE_SYS_STAT_H
| # include <sys/stat.h>
| #endif
| #ifdef STDC_HEADERS
| # include <stdlib.h>
| # include <stddef.h>
| #else
| # ifdef HAVE_STDLIB_H
| #  include <stdlib.h>
| # endif
| #endif
| #ifdef HAVE_STRING_H
| # if !defined STDC_HEADERS && defined HAVE_MEMORY_H
| #  include <memory.h>
| # endif
| # include <string.h>
| #endif
| #ifdef HAVE_STRINGS_H
| # include <strings.h>
| #endif
| #ifdef HAVE_INTTYPES_H
| # include <inttypes.h>
| #endif
| #ifdef HAVE_STDINT_H
| # include <stdint.h>
| #endif
| #ifdef HAVE_UNISTD_H
| # include <unistd.h>
| #endif
| #include <minix/config.h>
configure:4154: result: no
configure:4154: checking minix/config.h presence
configure:4154: gcc -E  conftest.c
conftest.c:21:26: fatal error: minix/config.h: No such file or directory
compilation terminated.
configure:4154: $? = 1
configure: failed program was:
| /* confdefs.h */
| #define PACKAGE_NAME "ibus-gjs"
| #define PACKAGE_TARNAME "ibus-gjs"
| #define PACKAGE_VERSION "3.2.1.20120229"
| #define PACKAGE_STRING "ibus-gjs 3.2.1.20120229"
| #define PACKAGE_BUGREPORT "http://code.google.com/p/ibus/issues/entry"
| #define PACKAGE_URL ""
| #define PACKAGE "ibus-gjs"
| #define VERSION "3.2.1.20120229"
| #define STDC_HEADERS 1
| #define HAVE_SYS_TYPES_H 1
| #define HAVE_SYS_STAT_H 1
| #define HAVE_STDLIB_H 1
| #define HAVE_STRING_H 1
| #define HAVE_MEMORY_H 1
| #define HAVE_STRINGS_H 1
| #define HAVE_INTTYPES_H 1
| #define HAVE_STDINT_H 1
| #define HAVE_UNISTD_H 1
| /* end confdefs.h.  */
| #include <minix/config.h>
configure:4154: result: no
configure:4154: checking for minix/config.h
configure:4154: result: no
configure:4175: checking whether it is safe to define __EXTENSIONS__
configure:4193: gcc -c -Wall -g -O0 -Wl,--no-undefined  conftest.c >&5
configure:4193: $? = 0
configure:4200: result: yes
configure:4259: checking build system type
configure:4273: result: x86_64-unknown-linux-gnu
configure:4293: checking host system type
configure:4306: result: x86_64-unknown-linux-gnu
configure:4347: checking how to print strings
configure:4374: result: printf
configure:4395: checking for a sed that does not truncate output
configure:4459: result: /bin/sed
configure:4477: checking for fgrep
configure:4539: result: /bin/grep -F
configure:4574: checking for ld used by gcc
configure:4641: result: /usr/bin/ld
configure:4648: checking if the linker (/usr/bin/ld) is GNU ld
configure:4663: result: yes
configure:4675: checking for BSD- or MS-compatible name lister (nm)
configure:4724: result: /usr/bin/nm -B
configure:4854: checking the name lister (/usr/bin/nm -B) interface
configure:4861: gcc -c -Wall -g -O0 -Wl,--no-undefined  conftest.c >&5
configure:4864: /usr/bin/nm -B "conftest.o"
configure:4867: output
0000000000000000 B some_variable
configure:4874: result: BSD nm
configure:4877: checking whether ln -s works
configure:4881: result: yes
configure:4889: checking the maximum length of command line arguments
configure:5014: result: 1572864
configure:5031: checking whether the shell understands some XSI constructs
configure:5041: result: yes
configure:5045: checking whether the shell understands "+="
configure:5051: result: yes
configure:5086: checking how to convert x86_64-unknown-linux-gnu file names to x86_64-unknown-linux-gnu format
configure:5126: result: func_convert_file_noop
configure:5133: checking how to convert x86_64-unknown-linux-gnu file names to toolchain format
configure:5153: result: func_convert_file_noop
configure:5160: checking for /usr/bin/ld option to reload object files
configure:5167: result: -r
configure:5241: checking for objdump
configure:5257: found /usr/bin/objdump
configure:5268: result: objdump
configure:5300: checking how to recognize dependent libraries
configure:5502: result: pass_all
configure:5587: checking for dlltool
configure:5617: result: no
configure:5647: checking how to associate runtime and link libraries
configure:5674: result: printf %s\n
configure:5734: checking for ar
configure:5750: found /usr/bin/ar
configure:5761: result: ar
configure:5798: checking for archiver @FILE support
configure:5815: gcc -c -Wall -g -O0 -Wl,--no-undefined  conftest.c >&5
configure:5815: $? = 0
configure:5818: ar cru libconftest.a @conftest.lst >&5
configure:5821: $? = 0
configure:5826: ar cru libconftest.a @conftest.lst >&5
ar: conftest.o: No such file or directory
configure:5829: $? = 1
configure:5841: result: @
configure:5899: checking for strip
configure:5915: found /usr/bin/strip
configure:5926: result: strip
configure:5998: checking for ranlib
configure:6014: found /usr/bin/ranlib
configure:6025: result: ranlib
configure:6127: checking command to parse /usr/bin/nm -B output from gcc object
configure:6246: gcc -c -Wall -g -O0 -Wl,--no-undefined  conftest.c >&5
configure:6249: $? = 0
configure:6253: /usr/bin/nm -B conftest.o \| sed -n -e 's/^.*[ ]\([ABCDGIRSTW][ABCDGIRSTW]*\)[ ][ ]*\([_A-Za-z][_A-Za-z0-9]*\)$/\1 \2 \2/p' | sed '/ __gnu_lto/d' \> conftest.nm
configure:6256: $? = 0
configure:6322: gcc -o conftest -Wall -g -O0 -Wl,--no-undefined   conftest.c conftstm.o >&5
configure:6325: $? = 0
configure:6363: result: ok
configure:6400: checking for sysroot
configure:6430: result: no
configure:6507: gcc -c -Wall -g -O0 -Wl,--no-undefined  conftest.c >&5
configure:6510: $? = 0
configure:6673: checking for mt
configure:6689: found /bin/mt
configure:6700: result: mt
configure:6723: checking if mt is a manifest tool
configure:6729: mt '-?'
configure:6737: result: no
configure:7366: checking for dlfcn.h
configure:7366: gcc -c -Wall -g -O0 -Wl,--no-undefined  conftest.c >&5
configure:7366: $? = 0
configure:7366: result: yes
configure:7553: checking for objdir
configure:7568: result: .libs
configure:7835: checking if gcc supports -fno-rtti -fno-exceptions
configure:7853: gcc -c -Wall -g -O0 -Wl,--no-undefined  -fno-rtti -fno-exceptions conftest.c >&5
cc1: warning: command line option '-fno-rtti' is valid for C++/ObjC++ but not for C [enabled by default]
configure:7857: $? = 0
configure:7870: result: no
configure:8180: checking for gcc option to produce PIC
configure:8187: result: -fPIC -DPIC
configure:8195: checking if gcc PIC flag -fPIC -DPIC works
configure:8213: gcc -c -Wall -g -O0 -Wl,--no-undefined  -fPIC -DPIC -DPIC conftest.c >&5
configure:8217: $? = 0
configure:8230: result: yes
configure:8259: checking if gcc static flag -static works
configure:8287: result: yes
configure:8302: checking if gcc supports -c -o file.o
configure:8323: gcc -c -Wall -g -O0 -Wl,--no-undefined  -o out/conftest2.o conftest.c >&5
configure:8327: $? = 0
configure:8349: result: yes
configure:8357: checking if gcc supports -c -o file.o
configure:8404: result: yes
configure:8437: checking whether the gcc linker (/usr/bin/ld -m elf_x86_64) supports shared libraries
configure:9599: result: yes
configure:9636: checking whether -lc should be explicitly linked in
configure:9644: gcc -c -Wall -g -O0 -Wl,--no-undefined  conftest.c >&5
configure:9647: $? = 0
configure:9662: gcc -shared  -fPIC -DPIC conftest.o  -v -Wl,-soname -Wl,conftest -o conftest 2\>\&1 \| /bin/grep  -lc  \>/dev/null 2\>\&1
configure:9665: $? = 0
configure:9679: result: no
configure:9844: checking dynamic linker characteristics
configure:10359: gcc -o conftest -Wall -g -O0 -Wl,--no-undefined   -Wl,-rpath -Wl,/foo conftest.c  >&5
configure:10359: $? = 0
configure:10593: result: GNU/Linux ld.so
configure:10700: checking how to hardcode library paths into programs
configure:10725: result: immediate
configure:11265: checking whether stripping libraries is possible
configure:11270: result: yes
configure:11305: checking if libtool supports shared libraries
configure:11307: result: yes
configure:11310: checking whether to build shared libraries
configure:11331: result: yes
configure:11334: checking whether to build static libraries
configure:11338: result: yes
configure:11374: checking whether NLS is requested
configure:11383: result: yes
configure:11398: checking for intltool >= 0.35.0
configure:11405: result: 0.41.1 found
configure:11413: checking for intltool-update
configure:11431: found /usr/bin/intltool-update
configure:11443: result: /usr/bin/intltool-update
configure:11453: checking for intltool-merge
configure:11471: found /usr/bin/intltool-merge
configure:11483: result: /usr/bin/intltool-merge
configure:11493: checking for intltool-extract
configure:11511: found /usr/bin/intltool-extract
configure:11523: result: /usr/bin/intltool-extract
configure:11654: checking for xgettext
configure:11672: found /usr/bin/xgettext
configure:11684: result: /usr/bin/xgettext
configure:11694: checking for msgmerge
configure:11712: found /usr/bin/msgmerge
configure:11724: result: /usr/bin/msgmerge
configure:11734: checking for msgfmt
configure:11752: found /usr/bin/msgfmt
configure:11764: result: /usr/bin/msgfmt
configure:11774: checking for gmsgfmt
configure:11805: result: /usr/bin/msgfmt
configure:11825: checking for perl
configure:11843: found /usr/bin/perl
configure:11855: result: /usr/bin/perl
configure:11866: checking for perl >= 5.8.1
configure:11873: result: 5.12.4
configure:11877: checking for XML::Parser
configure:11880: result: ok
configure:11905: gcc -o conftest -Wall -g -O0 -Wl,--no-undefined   conftest.c  >&5
configure:11905: $? = 0
configure:11947: checking whether you enable standalone
configure:11957: result: yes
configure:12007: checking for pkg-config
configure:12025: found /usr/bin/pkg-config
configure:12037: result: /usr/bin/pkg-config
configure:12061: checking for IBus parameters
configure:12081: result: no
                   IBUS_XKB=
                   HAVE_IBUS_XKB=false
configure:12159: checking locale.h usability
configure:12159: gcc -c -Wall -g -O0 -Wl,--no-undefined  conftest.c >&5
configure:12159: $? = 0
configure:12159: result: yes
configure:12159: checking locale.h presence
configure:12159: gcc -E  conftest.c
configure:12159: $? = 0
configure:12159: result: yes
configure:12159: checking for locale.h
configure:12159: result: yes
configure:12170: checking for LC_MESSAGES
configure:12186: gcc -o conftest -Wall -g -O0 -Wl,--no-undefined   conftest.c  >&5
configure:12186: $? = 0
configure:12194: result: yes
configure:12211: checking libintl.h usability
configure:12211: gcc -c -Wall -g -O0 -Wl,--no-undefined  conftest.c >&5
configure:12211: $? = 0
configure:12211: result: yes
configure:12211: checking libintl.h presence
configure:12211: gcc -E  conftest.c
configure:12211: $? = 0
configure:12211: result: yes
configure:12211: checking for libintl.h
configure:12211: result: yes
configure:12219: checking for ngettext in libc
configure:12237: gcc -o conftest -Wall -g -O0 -Wl,--no-undefined   conftest.c  >&5
configure:12237: $? = 0
configure:12246: result: yes
configure:12250: checking for dgettext in libc
configure:12268: gcc -o conftest -Wall -g -O0 -Wl,--no-undefined   conftest.c  >&5
configure:12268: $? = 0
configure:12277: result: yes
configure:12284: checking for bind_textdomain_codeset
configure:12284: gcc -o conftest -Wall -g -O0 -Wl,--no-undefined   conftest.c  >&5
configure:12284: $? = 0
configure:12284: result: yes
configure:12560: checking for msgfmt
configure:12587: result: /usr/bin/msgfmt
configure:12598: checking for dcgettext
configure:12598: gcc -o conftest -Wall -g -O0 -Wl,--no-undefined   conftest.c   >&5
conftest.c:56:6: warning: conflicting types for built-in function 'dcgettext' [enabled by default]
configure:12598: $? = 0
configure:12598: result: yes
configure:12608: checking if msgfmt accepts -c
configure:12623: $MSGFMT -c -o /dev/null conftest.foo
configure:12626: $? = 0
configure:12628: result: yes
configure:12638: checking for gmsgfmt
configure:12669: result: /usr/bin/msgfmt
configure:12679: checking for xgettext
configure:12706: result: /usr/bin/xgettext
configure:12725: gcc -o conftest -Wall -g -O0 -Wl,--no-undefined   conftest.c   >&5
configure:12725: $? = 0
configure:13003: creating ./config.status

## ---------------------- ##
## Running config.status. ##
## ---------------------- ##

This file was extended by ibus-gjs config.status 3.2.1.20120229, which was
generated by GNU Autoconf 2.68.  Invocation command line was

  CONFIG_FILES    = 
  CONFIG_HEADERS  = 
  CONFIG_LINKS    = 
  CONFIG_COMMANDS = 
  $ ./config.status 

on x200s

config.status:1182: creating po/Makefile.in
config.status:1182: creating Makefile
config.status:1182: creating ibus-gjs.spec
config.status:1182: creating js/Makefile
config.status:1182: creating js/misc/config.js
config.status:1182: creating extensions/Makefile
config.status:1182: creating extensions/ibus-indicator@example.com/metadata.json
config.status:1411: executing depfiles commands
config.status:1411: executing libtool commands
config.status:1411: executing default-1 commands
config.status:1411: executing po/stamp-it commands
configure:15283: result:
Build options:
  Version                   3.2.1.20120229
  Install prefix            /usr
  Enable standalone         yes
  HAVE IBus XKB             false
  IBUS XKB                  
  GNOME_SHELL_VERSION       3.2
  GJS_VERSION               1.30


## ---------------- ##
## Cache variables. ##
## ---------------- ##

ac_cv_build=x86_64-unknown-linux-gnu
ac_cv_c_compiler_gnu=yes
ac_cv_env_CC_set=
ac_cv_env_CC_value=
ac_cv_env_CFLAGS_set=set
ac_cv_env_CFLAGS_value='-Wall -g -O0 -Wl,--no-undefined'
ac_cv_env_CPPFLAGS_set=
ac_cv_env_CPPFLAGS_value=
ac_cv_env_CPP_set=
ac_cv_env_CPP_value=
ac_cv_env_LDFLAGS_set=
ac_cv_env_LDFLAGS_value=
ac_cv_env_LIBS_set=
ac_cv_env_LIBS_value=
ac_cv_env_build_alias_set=
ac_cv_env_build_alias_value=
ac_cv_env_host_alias_set=
ac_cv_env_host_alias_value=
ac_cv_env_target_alias_set=
ac_cv_env_target_alias_value=
ac_cv_func_bind_textdomain_codeset=yes
ac_cv_func_dcgettext=yes
ac_cv_header_dlfcn_h=yes
ac_cv_header_inttypes_h=yes
ac_cv_header_libintl_h=yes
ac_cv_header_locale_h=yes
ac_cv_header_memory_h=yes
ac_cv_header_minix_config_h=no
ac_cv_header_stdc=yes
ac_cv_header_stdint_h=yes
ac_cv_header_stdlib_h=yes
ac_cv_header_string_h=yes
ac_cv_header_strings_h=yes
ac_cv_header_sys_stat_h=yes
ac_cv_header_sys_types_h=yes
ac_cv_header_unistd_h=yes
ac_cv_host=x86_64-unknown-linux-gnu
ac_cv_objext=o
ac_cv_path_EGREP='/bin/grep -E'
ac_cv_path_FGREP='/bin/grep -F'
ac_cv_path_GMSGFMT=/usr/bin/msgfmt
ac_cv_path_GREP=/bin/grep
ac_cv_path_INTLTOOL_EXTRACT=/usr/bin/intltool-extract
ac_cv_path_INTLTOOL_MERGE=/usr/bin/intltool-merge
ac_cv_path_INTLTOOL_PERL=/usr/bin/perl
ac_cv_path_INTLTOOL_UPDATE=/usr/bin/intltool-update
ac_cv_path_MSGFMT=/usr/bin/msgfmt
ac_cv_path_MSGMERGE=/usr/bin/msgmerge
ac_cv_path_SED=/bin/sed
ac_cv_path_XGETTEXT=/usr/bin/xgettext
ac_cv_path_ac_pt_PKG_CONFIG=/usr/bin/pkg-config
ac_cv_path_install='/usr/bin/install -c'
ac_cv_path_mkdir=/bin/mkdir
ac_cv_prog_AWK=mawk
ac_cv_prog_CPP='gcc -E'
ac_cv_prog_ac_ct_AR=ar
ac_cv_prog_ac_ct_CC=gcc
ac_cv_prog_ac_ct_MANIFEST_TOOL=mt
ac_cv_prog_ac_ct_OBJDUMP=objdump
ac_cv_prog_ac_ct_RANLIB=ranlib
ac_cv_prog_ac_ct_STRIP=strip
ac_cv_prog_cc_c89=
ac_cv_prog_cc_g=yes
ac_cv_prog_make_make_set=yes
ac_cv_safe_to_define___extensions__=yes
am_cv_CC_dependencies_compiler_type=none
am_cv_val_LC_MESSAGES=yes
gt_cv_func_dgettext_libc=yes
gt_cv_func_dgettext_libintl=no
gt_cv_func_ngettext_libc=yes
gt_cv_have_gettext=yes
lt_cv_ar_at_file=@
lt_cv_archive_cmds_need_lc=no
lt_cv_deplibs_check_method=pass_all
lt_cv_file_magic_cmd='$MAGIC_CMD'
lt_cv_file_magic_test_file=
lt_cv_ld_reload_flag=-r
lt_cv_nm_interface='BSD nm'
lt_cv_objdir=.libs
lt_cv_path_LD=/usr/bin/ld
lt_cv_path_NM='/usr/bin/nm -B'
lt_cv_path_mainfest_tool=no
lt_cv_prog_compiler_c_o=yes
lt_cv_prog_compiler_pic='-fPIC -DPIC'
lt_cv_prog_compiler_pic_works=yes
lt_cv_prog_compiler_rtti_exceptions=no
lt_cv_prog_compiler_static_works=yes
lt_cv_prog_gnu_ld=yes
lt_cv_sharedlib_from_linklib_cmd='printf %s\n'
lt_cv_shlibpath_overrides_runpath=no
lt_cv_sys_global_symbol_pipe='sed -n -e '\''s/^.*[	 ]\([ABCDGIRSTW][ABCDGIRSTW]*\)[	 ][	 ]*\([_A-Za-z][_A-Za-z0-9]*\)$/\1 \2 \2/p'\'' | sed '\''/ __gnu_lto/d'\'''
lt_cv_sys_global_symbol_to_c_name_address='sed -n -e '\''s/^: \([^ ]*\)[ ]*$/  {\"\1\", (void *) 0},/p'\'' -e '\''s/^[ABCDGIRSTW]* \([^ ]*\) \([^ ]*\)$/  {"\2", (void *) \&\2},/p'\'''
lt_cv_sys_global_symbol_to_c_name_address_lib_prefix='sed -n -e '\''s/^: \([^ ]*\)[ ]*$/  {\"\1\", (void *) 0},/p'\'' -e '\''s/^[ABCDGIRSTW]* \([^ ]*\) \(lib[^ ]*\)$/  {"\2", (void *) \&\2},/p'\'' -e '\''s/^[ABCDGIRSTW]* \([^ ]*\) \([^ ]*\)$/  {"lib\2", (void *) \&\2},/p'\'''
lt_cv_sys_global_symbol_to_cdecl='sed -n -e '\''s/^T .* \(.*\)$/extern int \1();/p'\'' -e '\''s/^[ABCDGIRSTW]* .* \(.*\)$/extern char \1;/p'\'''
lt_cv_sys_max_cmd_len=1572864
lt_cv_to_host_file_cmd=func_convert_file_noop
lt_cv_to_tool_file_cmd=func_convert_file_noop

## ----------------- ##
## Output variables. ##
## ----------------- ##

ACLOCAL='${SHELL} /home/meng/ibus-gjs-3+ubuntu02/missing --run aclocal-1.11'
ALL_LINGUAS=''
AMDEPBACKSLASH='\'
AMDEP_FALSE='#'
AMDEP_TRUE=''
AMTAR='${SHELL} /home/meng/ibus-gjs-3+ubuntu02/missing --run tar'
AR='ar'
AUTOCONF='${SHELL} /home/meng/ibus-gjs-3+ubuntu02/missing --run autoconf'
AUTOHEADER='${SHELL} /home/meng/ibus-gjs-3+ubuntu02/missing --run autoheader'
AUTOMAKE='${SHELL} /home/meng/ibus-gjs-3+ubuntu02/missing --run automake-1.11'
AWK='mawk'
CATALOGS=''
CATOBJEXT='.gmo'
CC='gcc'
CCDEPMODE='depmode=none'
CFLAGS='-Wall -g -O0 -Wl,--no-undefined'
CPP='gcc -E'
CPPFLAGS=''
CYGPATH_W='echo'
DATADIRNAME='share'
DATE_DISPLAY='Wed Feb 29 2012'
DEFS='-DHAVE_CONFIG_H'
DEPDIR='.deps'
DLLTOOL='false'
DSYMUTIL=''
DUMPBIN=''
ECHO_C=''
ECHO_N='-n'
ECHO_T=''
EGREP='/bin/grep -E'
ENABLE_STANDALONE='yes'
EXEEXT=''
FGREP='/bin/grep -F'
GETTEXT_PACKAGE='ibus-gjs'
GJS_VERSION='1.30'
GMOFILES=''
GMSGFMT='/usr/bin/msgfmt'
GNOME_SHELL_VERSION='3.2'
GREP='/bin/grep'
HAVE_IBUS_XKB='false'
IBUS_API_VERSION='1.0'
IBUS_MAJOR_VERSION='3'
IBUS_MICRO_VERSION='1'
IBUS_MINOR_VERSION='2'
IBUS_XKB=''
INSTALL_DATA='${INSTALL} -m 644'
INSTALL_PROGRAM='${INSTALL}'
INSTALL_SCRIPT='${INSTALL}'
INSTALL_STRIP_PROGRAM='$(install_sh) -c -s'
INSTOBJEXT='.mo'
INTLLIBS=''
INTLTOOL_CAVES_RULE='%.caves:     %.caves.in     $(INTLTOOL_MERGE) $(wildcard $(top_srcdir)/po/*.po) ; LC_ALL=C $(INTLTOOL_MERGE) -d -u -c $(top_builddir)/po/.intltool-merge-cache $(top_srcdir)/po $< $@'
INTLTOOL_DESKTOP_RULE='%.desktop:   %.desktop.in   $(INTLTOOL_MERGE) $(wildcard $(top_srcdir)/po/*.po) ; LC_ALL=C $(INTLTOOL_MERGE) -d -u -c $(top_builddir)/po/.intltool-merge-cache $(top_srcdir)/po $< $@'
INTLTOOL_DIRECTORY_RULE='%.directory: %.directory.in $(INTLTOOL_MERGE) $(wildcard $(top_srcdir)/po/*.po) ; LC_ALL=C $(INTLTOOL_MERGE) -d -u -c $(top_builddir)/po/.intltool-merge-cache $(top_srcdir)/po $< $@'
INTLTOOL_EXTRACT='/usr/bin/intltool-extract'
INTLTOOL_KBD_RULE='%.kbd:       %.kbd.in       $(INTLTOOL_MERGE) $(wildcard $(top_srcdir)/po/*.po) ; LC_ALL=C $(INTLTOOL_MERGE) -x -u -m -c $(top_builddir)/po/.intltool-merge-cache $(top_srcdir)/po $< $@'
INTLTOOL_KEYS_RULE='%.keys:      %.keys.in      $(INTLTOOL_MERGE) $(wildcard $(top_srcdir)/po/*.po) ; LC_ALL=C $(INTLTOOL_MERGE) -k -u -c $(top_builddir)/po/.intltool-merge-cache $(top_srcdir)/po $< $@'
INTLTOOL_MERGE='/usr/bin/intltool-merge'
INTLTOOL_OAF_RULE='%.oaf:       %.oaf.in       $(INTLTOOL_MERGE) $(wildcard $(top_srcdir)/po/*.po) ; LC_ALL=C $(INTLTOOL_MERGE) -o -p $(top_srcdir)/po $< $@'
INTLTOOL_PERL='/usr/bin/perl'
INTLTOOL_POLICY_RULE='%.policy:    %.policy.in    $(INTLTOOL_MERGE) $(wildcard $(top_srcdir)/po/*.po) ; LC_ALL=C $(INTLTOOL_MERGE) -x -u -c $(top_builddir)/po/.intltool-merge-cache $(top_srcdir)/po $< $@'
INTLTOOL_PONG_RULE='%.pong:      %.pong.in      $(INTLTOOL_MERGE) $(wildcard $(top_srcdir)/po/*.po) ; LC_ALL=C $(INTLTOOL_MERGE) -x -u -c $(top_builddir)/po/.intltool-merge-cache $(top_srcdir)/po $< $@'
INTLTOOL_PROP_RULE='%.prop:      %.prop.in      $(INTLTOOL_MERGE) $(wildcard $(top_srcdir)/po/*.po) ; LC_ALL=C $(INTLTOOL_MERGE) -d -u -c $(top_builddir)/po/.intltool-merge-cache $(top_srcdir)/po $< $@'
INTLTOOL_SCHEMAS_RULE='%.schemas:   %.schemas.in   $(INTLTOOL_MERGE) $(wildcard $(top_srcdir)/po/*.po) ; LC_ALL=C $(INTLTOOL_MERGE) -s -u -c $(top_builddir)/po/.intltool-merge-cache $(top_srcdir)/po $< $@'
INTLTOOL_SERVER_RULE='%.server:    %.server.in    $(INTLTOOL_MERGE) $(wildcard $(top_srcdir)/po/*.po) ; LC_ALL=C $(INTLTOOL_MERGE) -o -u -c $(top_builddir)/po/.intltool-merge-cache $(top_srcdir)/po $< $@'
INTLTOOL_SERVICE_RULE='%.service: %.service.in   $(INTLTOOL_MERGE) $(wildcard $(top_srcdir)/po/*.po) ; LC_ALL=C $(INTLTOOL_MERGE) -d -u -c $(top_builddir)/po/.intltool-merge-cache $(top_srcdir)/po $< $@'
INTLTOOL_SHEET_RULE='%.sheet:     %.sheet.in     $(INTLTOOL_MERGE) $(wildcard $(top_srcdir)/po/*.po) ; LC_ALL=C $(INTLTOOL_MERGE) -x -u -c $(top_builddir)/po/.intltool-merge-cache $(top_srcdir)/po $< $@'
INTLTOOL_SOUNDLIST_RULE='%.soundlist: %.soundlist.in $(INTLTOOL_MERGE) $(wildcard $(top_srcdir)/po/*.po) ; LC_ALL=C $(INTLTOOL_MERGE) -d -u -c $(top_builddir)/po/.intltool-merge-cache $(top_srcdir)/po $< $@'
INTLTOOL_THEME_RULE='%.theme:     %.theme.in     $(INTLTOOL_MERGE) $(wildcard $(top_srcdir)/po/*.po) ; LC_ALL=C $(INTLTOOL_MERGE) -d -u -c $(top_builddir)/po/.intltool-merge-cache $(top_srcdir)/po $< $@'
INTLTOOL_UI_RULE='%.ui:        %.ui.in        $(INTLTOOL_MERGE) $(wildcard $(top_srcdir)/po/*.po) ; LC_ALL=C $(INTLTOOL_MERGE) -x -u -c $(top_builddir)/po/.intltool-merge-cache $(top_srcdir)/po $< $@'
INTLTOOL_UPDATE='/usr/bin/intltool-update'
INTLTOOL_XAM_RULE='%.xam:       %.xml.in       $(INTLTOOL_MERGE) $(wildcard $(top_srcdir)/po/*.po) ; LC_ALL=C $(INTLTOOL_MERGE) -x -u -c $(top_builddir)/po/.intltool-merge-cache $(top_srcdir)/po $< $@'
INTLTOOL_XML_NOMERGE_RULE='%.xml:       %.xml.in       $(INTLTOOL_MERGE) ; LC_ALL=C $(INTLTOOL_MERGE) -x -u /tmp $< $@'
INTLTOOL_XML_RULE='%.xml:       %.xml.in       $(INTLTOOL_MERGE) $(wildcard $(top_srcdir)/po/*.po) ; LC_ALL=C $(INTLTOOL_MERGE) -x -u -c $(top_builddir)/po/.intltool-merge-cache $(top_srcdir)/po $< $@'
LD='/usr/bin/ld -m elf_x86_64'
LDFLAGS=''
LIBOBJS=''
LIBS=''
LIBTOOL='$(SHELL) $(top_builddir)/libtool'
LIPO=''
LN_S='ln -s'
LTLIBOBJS=''
LT_VERSION_INFO='0:0:0'
MAINT=''
MAINTAINER_MODE_FALSE='#'
MAINTAINER_MODE_TRUE=''
MAKEINFO='${SHELL} /home/meng/ibus-gjs-3+ubuntu02/missing --run makeinfo'
MANIFEST_TOOL=':'
MKDIR_P='/bin/mkdir -p'
MKINSTALLDIRS='./mkinstalldirs'
MSGFMT='/usr/bin/msgfmt'
MSGFMT_OPTS='-c'
MSGMERGE='/usr/bin/msgmerge'
NM='/usr/bin/nm -B'
NMEDIT=''
OBJDUMP='objdump'
OBJEXT='o'
OTOOL64=''
OTOOL=''
PACKAGE='ibus-gjs'
PACKAGE_BUGREPORT='http://code.google.com/p/ibus/issues/entry'
PACKAGE_NAME='ibus-gjs'
PACKAGE_STRING='ibus-gjs 3.2.1.20120229'
PACKAGE_TARNAME='ibus-gjs'
PACKAGE_URL=''
PACKAGE_VERSION='3.2.1.20120229'
PATH_SEPARATOR=':'
PKG_CONFIG='/usr/bin/pkg-config'
POFILES=''
POSUB='po'
PO_IN_DATADIR_FALSE=''
PO_IN_DATADIR_TRUE=''
RANLIB='ranlib'
SED='/bin/sed'
SET_MAKE=''
SHELL='/bin/bash'
STRIP='strip'
USE_NLS='yes'
VERSION='3.2.1.20120229'
XGETTEXT='/usr/bin/xgettext'
ac_ct_AR='ar'
ac_ct_CC='gcc'
ac_ct_DUMPBIN=''
am__EXEEXT_FALSE=''
am__EXEEXT_TRUE='#'
am__fastdepCC_FALSE=''
am__fastdepCC_TRUE='#'
am__include='include'
am__isrc=''
am__leading_dot='.'
am__quote=''
am__tar='${AMTAR} chof - "$$tardir"'
am__untar='${AMTAR} xf -'
bindir='${exec_prefix}/bin'
build='x86_64-unknown-linux-gnu'
build_alias=''
build_cpu='x86_64'
build_os='linux-gnu'
build_vendor='unknown'
datadir='${datarootdir}'
datarootdir='${prefix}/share'
docdir='${datarootdir}/doc/${PACKAGE_TARNAME}'
dvidir='${docdir}'
exec_prefix='${prefix}'
host='x86_64-unknown-linux-gnu'
host_alias=''
host_cpu='x86_64'
host_os='linux-gnu'
host_vendor='unknown'
htmldir='${docdir}'
includedir='${prefix}/include'
infodir='${datarootdir}/info'
install_sh='${SHELL} /home/meng/ibus-gjs-3+ubuntu02/install-sh'
libdir='${exec_prefix}/lib'
libexecdir='${exec_prefix}/libexec'
localedir='${datarootdir}/locale'
localstatedir='${prefix}/var'
mandir='${datarootdir}/man'
mkdir_p='/bin/mkdir -p'
oldincludedir='/usr/include'
pdfdir='${docdir}'
prefix='/usr'
program_transform_name='s,x,x,'
psdir='${docdir}'
sbindir='${exec_prefix}/sbin'
sharedstatedir='${prefix}/com'
sysconfdir='${prefix}/etc'
target_alias=''

## ----------- ##
## confdefs.h. ##
## ----------- ##

/* confdefs.h */
#define PACKAGE_NAME "ibus-gjs"
#define PACKAGE_TARNAME "ibus-gjs"
#define PACKAGE_VERSION "3.2.1.20120229"
#define PACKAGE_STRING "ibus-gjs 3.2.1.20120229"
#define PACKAGE_BUGREPORT "http://code.google.com/p/ibus/issues/entry"
#define PACKAGE_URL ""
#define PACKAGE "ibus-gjs"
#define VERSION "3.2.1.20120229"
#define STDC_HEADERS 1
#define HAVE_SYS_TYPES_H 1
#define HAVE_SYS_STAT_H 1
#define HAVE_STDLIB_H 1
#define HAVE_STRING_H 1
#define HAVE_MEMORY_H 1
#define HAVE_STRINGS_H 1
#define HAVE_INTTYPES_H 1
#define HAVE_STDINT_H 1
#define HAVE_UNISTD_H 1
#define __EXTENSIONS__ 1
#define _ALL_SOURCE 1
#define _GNU_SOURCE 1
#define _POSIX_PTHREAD_SEMANTICS 1
#define _TANDEM_SOURCE 1
#define HAVE_DLFCN_H 1
#define LT_OBJDIR ".libs/"
#define GETTEXT_PACKAGE "ibus-gjs"
#define HAVE_LOCALE_H 1
#define HAVE_LC_MESSAGES 1
#define HAVE_BIND_TEXTDOMAIN_CODESET 1
#define HAVE_GETTEXT 1
#define HAVE_DCGETTEXT 1
#define ENABLE_NLS 1

configure: exit 0
